TN:
SF:src/TemplateMethod.ts
FN:16,(anonymous_0)
FN:22,(anonymous_1)
FN:38,(anonymous_2)
FN:46,(anonymous_3)
FN:55,(anonymous_4)
FN:84,(anonymous_5)
FN:94,(anonymous_6)
FN:102,(anonymous_7)
FN:110,(anonymous_8)
FN:119,(anonymous_9)
FN:129,(anonymous_10)
FN:137,(anonymous_11)
FN:145,(anonymous_12)
FNF:13
FNH:9
FNDA:2,(anonymous_0)
FNDA:2,(anonymous_1)
FNDA:2,(anonymous_2)
FNDA:2,(anonymous_3)
FNDA:2,(anonymous_4)
FNDA:2,(anonymous_5)
FNDA:6,(anonymous_6)
FNDA:2,(anonymous_7)
FNDA:2,(anonymous_8)
FNDA:0,(anonymous_9)
FNDA:0,(anonymous_10)
FNDA:0,(anonymous_11)
FNDA:0,(anonymous_12)
DA:14,1
DA:16,2
DA:23,2
DA:24,2
DA:26,2
DA:39,2
DA:47,2
DA:56,2
DA:58,2
DA:59,6
DA:62,2
DA:83,1
DA:84,2
DA:85,2
DA:95,6
DA:103,2
DA:111,2
DA:118,1
DA:119,0
DA:120,0
DA:130,0
DA:138,0
DA:146,0
LF:23
LH:18
BRDA:56,0,0,2
BRDA:56,0,1,0
BRF:2
BRH:1
end_of_record
