TN:
SF:src/note.ts
FN:24,(anonymous_6)
FN:35,(anonymous_7)
FN:47,(anonymous_8)
FN:76,(anonymous_9)
FN:102,(anonymous_10)
FN:117,(anonymous_11)
FN:123,(anonymous_12)
FN:142,(anonymous_13)
FN:163,(anonymous_14)
FNF:9
FNH:9
FNDA:1,(anonymous_6)
FNDA:2,(anonymous_7)
FNDA:1,(anonymous_8)
FNDA:1,(anonymous_9)
FNDA:1,(anonymous_10)
FNDA:1,(anonymous_11)
FNDA:1,(anonymous_12)
FNDA:1,(anonymous_13)
FNDA:2,(anonymous_14)
DA:1,1
DA:2,1
DA:8,1
DA:9,1
DA:14,1
DA:25,1
DA:26,0
DA:36,2
DA:37,1
DA:39,2
DA:48,1
DA:49,1
DA:50,1
DA:51,1
DA:52,1
DA:53,0
DA:54,0
DA:56,1
DA:57,1
DA:58,1
DA:61,0
DA:62,0
DA:63,0
DA:64,0
DA:66,1
DA:77,1
DA:78,1
DA:79,1
DA:80,1
DA:82,1
DA:83,1
DA:84,1
DA:86,0
DA:87,0
DA:88,0
DA:89,0
DA:90,0
DA:93,0
DA:103,1
DA:104,1
DA:105,1
DA:106,1
DA:108,0
DA:118,1
DA:119,1
DA:120,1
DA:121,1
DA:122,1
DA:123,1
DA:124,1
DA:125,1
DA:126,1
DA:127,1
DA:130,0
DA:131,0
DA:133,1
DA:143,1
DA:144,1
DA:145,1
DA:146,1
DA:147,1
DA:148,1
DA:149,1
DA:150,1
DA:152,0
DA:153,0
DA:155,1
DA:165,2
DA:166,0
DA:167,0
DA:168,0
DA:169,0
DA:170,0
DA:171,0
DA:172,2
DA:173,2
DA:174,0
DA:175,0
DA:177,2
LF:79
LH:53
BRDA:25,0,0,0
BRDA:25,0,1,1
BRDA:36,1,0,1
BRDA:36,1,1,1
BRDA:51,2,0,1
BRDA:51,2,1,0
BRDA:52,3,0,0
BRDA:52,3,1,1
BRDA:79,4,0,1
BRDA:79,4,1,0
BRDA:81,5,0,1
BRDA:81,5,1,0
BRDA:81,5,2,0
BRDA:104,6,0,1
BRDA:104,6,1,0
BRDA:120,7,0,1
BRDA:120,7,1,0
BRDA:145,8,0,1
BRDA:145,8,1,0
BRDA:166,9,0,0
BRDA:166,9,1,0
BRDA:166,9,2,0
BRDA:166,9,3,2
BRDA:166,9,4,0
BRF:24
BRH:11
end_of_record
